INFO:root:imports are ok!
INFO:root:Stock Windows Installed.
DEBUG:root:Starting up Music module
DEBUG:root:mixer not started. Starting it up.
DEBUG:root:done!
INFO:root:starting to scan for all resources.json files...
INFO:root:added all modules.
INFO:root:imports are ok!
INFO:root:Stock Windows Installed.
DEBUG:root:Starting up Music module
DEBUG:root:mixer not started. Starting it up.
DEBUG:root:done!
INFO:root:starting to scan for all resources.json files...
INFO:root:added all modules.
INFO:root:Init Complete
INFO:root:imports are ok!
INFO:root:Stock Windows Installed.
DEBUG:root:Starting up Music module
DEBUG:root:mixer not started. Starting it up.
DEBUG:root:done!
INFO:root:starting to scan for all resources.json files...
INFO:root:added all modules.
INFO:root:imports are ok!
INFO:root:Stock Windows Installed.
DEBUG:root:Starting up Music module
DEBUG:root:mixer not started. Starting it up.
DEBUG:root:done!
INFO:root:starting to scan for all resources.json files...
INFO:root:added all modules.
INFO:root:imports are ok!
INFO:root:Stock Windows Installed.
DEBUG:root:Starting up Music module
DEBUG:root:mixer not started. Starting it up.
DEBUG:root:done!
INFO:root:starting to scan for all resources.json files...
INFO:root:added all modules.
INFO:root:imports are ok!
INFO:root:Stock Windows Installed.
DEBUG:root:Starting up Music module
DEBUG:root:mixer not started. Starting it up.
DEBUG:root:done!
INFO:root:starting to scan for all resources.json files...
INFO:root:added all modules.
INFO:root:imports are ok!
INFO:root:Stock Windows Installed.
DEBUG:root:Starting up Music module
DEBUG:root:mixer not started. Starting it up.
DEBUG:root:done!
INFO:root:starting to scan for all resources.json files...
INFO:root:added all modules.
INFO:root:imports are ok!
INFO:root:Stock Windows Installed.
DEBUG:root:Starting up Music module
DEBUG:root:mixer not started. Starting it up.
DEBUG:root:done!
INFO:root:starting to scan for all resources.json files...
INFO:root:added all modules.
INFO:root:imports are ok!
INFO:root:Stock Windows Installed.
DEBUG:root:Starting up Music module
DEBUG:root:mixer not started. Starting it up.
DEBUG:root:done!
INFO:root:starting to scan for all resources.json files...
INFO:root:added all modules.
INFO:root:imports are ok!
INFO:root:Stock Windows Installed.
DEBUG:root:Starting up Music module
DEBUG:root:mixer not started. Starting it up.
DEBUG:root:done!
INFO:root:starting to scan for all resources.json files...
INFO:root:added all modules.
INFO:root:imports are ok!
INFO:root:Stock Windows Installed.
DEBUG:root:Starting up Music module
DEBUG:root:mixer not started. Starting it up.
DEBUG:root:done!
INFO:root:starting to scan for all resources.json files...
INFO:root:added all modules.
INFO:root:imports are ok!
INFO:root:Stock Windows Installed.
DEBUG:root:Starting up Music module
DEBUG:root:mixer not started. Starting it up.
DEBUG:root:done!
INFO:root:starting to scan for all resources.json files...
INFO:root:imports are ok!
INFO:root:Stock Windows Installed.
DEBUG:root:Starting up Music module
DEBUG:root:mixer not started. Starting it up.
DEBUG:root:done!
INFO:root:starting to scan for all resources.json files...
INFO:root:Resource file found: .\mods\core\resources.json
INFO:root:imports are ok!
INFO:root:Stock Windows Installed.
DEBUG:root:Starting up Music module
DEBUG:root:mixer not started. Starting it up.
DEBUG:root:done!
INFO:root:starting to scan for all resources.json files...
INFO:root:Resource file found: .\mods\core\resources.json
INFO:root:imports are ok!
INFO:root:Stock Windows Installed.
DEBUG:root:Starting up Music module
DEBUG:root:mixer not started. Starting it up.
DEBUG:root:done!
INFO:root:starting to scan for all resources.json files...
INFO:root:Resource file found: .\mods\core\resources.json
INFO:root:imports are ok!
INFO:root:Stock Windows Installed.
DEBUG:root:Starting up Music module
DEBUG:root:mixer not started. Starting it up.
DEBUG:root:done!
INFO:root:starting to scan for all resources.json files...
INFO:root:Resource file found: .\mods\core\resources.json
INFO:root:imports are ok!
INFO:root:Stock Windows Installed.
DEBUG:root:Starting up Music module
DEBUG:root:mixer not started. Starting it up.
DEBUG:root:done!
INFO:root:starting to scan for all resources.json files...
INFO:root:Resource file found: .\mods\core\resources.json
INFO:root:imports are ok!
INFO:root:Stock Windows Installed.
DEBUG:root:Starting up Music module
DEBUG:root:mixer not started. Starting it up.
DEBUG:root:done!
INFO:root:starting to scan for all resources.json files...
INFO:root:got a job for me?
INFO:root:imports are ok!
INFO:root:Stock Windows Installed.
DEBUG:root:Starting up Music module
DEBUG:root:mixer not started. Starting it up.
DEBUG:root:done!
INFO:root:starting to scan for all resources.json files...
INFO:root:got a job for me?
INFO:root:imports are ok!
INFO:root:Stock Windows Installed.
DEBUG:root:Starting up Music module
DEBUG:root:mixer not started. Starting it up.
DEBUG:root:done!
INFO:root:starting to scan for all resources.json files...
INFO:root:got a job for me?
INFO:root:imports are ok!
INFO:root:Stock Windows Installed.
DEBUG:root:Starting up Music module
DEBUG:root:mixer not started. Starting it up.
DEBUG:root:done!
INFO:root:starting to scan for all resources.json files...
INFO:root:got a job for me?
INFO:root:imports are ok!
INFO:root:Stock Windows Installed.
DEBUG:root:Starting up Music module
DEBUG:root:mixer not started. Starting it up.
DEBUG:root:done!
INFO:root:starting to scan for all resources.json files...
INFO:root:got a job for me?
INFO:root:sound list is given. loading it.
INFO:root:imports are ok!
INFO:root:Stock Windows Installed.
DEBUG:root:Starting up Music module
DEBUG:root:mixer not started. Starting it up.
DEBUG:root:done!
INFO:root:starting to scan for all resources.json files...
INFO:root:got a job for me?
INFO:root:sound list is given. loading it.
INFO:root:imports are ok!
INFO:root:Stock Windows Installed.
DEBUG:root:Starting up Music module
DEBUG:root:mixer not started. Starting it up.
DEBUG:root:done!
INFO:root:starting to scan for all resources.json files...
INFO:root:imports are ok!
INFO:root:Stock Windows Installed.
DEBUG:root:Starting up Music module
DEBUG:root:mixer not started. Starting it up.
DEBUG:root:done!
INFO:root:starting to scan for all resources.json files...
INFO:root:imports are ok!
INFO:root:Stock Windows Installed.
DEBUG:root:Starting up Music module
DEBUG:root:mixer not started. Starting it up.
DEBUG:root:done!
INFO:root:starting to scan for all resources.json files...
